This is pdfTeX, Version 3.14159265-2.6-1.40.18 (MiKTeX 2.9.6350 64-bit) (preloaded format=pdflatex 2017.8.21)  18 FEB 2018 13:18
entering extended mode
**./UseCases.tex
(UseCases.tex
LaTeX2e <2017-04-15>
Babel <3.10> and hyphenation patterns for 75 language(s) loaded.
("C:\Program Files\MiKTeX 2.9\tex\latex\base\article.cls"
Document Class: article 2014/09/29 v1.4h Standard LaTeX document class
("C:\Program Files\MiKTeX 2.9\tex\latex\base\size12.clo"
File: size12.clo 2014/09/29 v1.4h Standard LaTeX file (size option)
)
\c@part=\count79
\c@section=\count80
\c@subsection=\count81
\c@subsubsection=\count82
\c@paragraph=\count83
\c@subparagraph=\count84
\c@figure=\count85
\c@table=\count86
\abovecaptionskip=\skip41
\belowcaptionskip=\skip42
\bibindent=\dimen102
)
("C:\Program Files\MiKTeX 2.9\tex\latex\tools\array.sty"
Package: array 2016/10/06 v2.4d Tabular extension package (FMi)
\col@sep=\dimen103
\extrarowheight=\dimen104
\NC@list=\toks14
\extratabsurround=\skip43
\backup@length=\skip44
)
(C:\Users\luke\AppData\Roaming\MiKTeX\2.9\tex\latex\xcolor\xcolor.sty
Package: xcolor 2016/05/11 v2.12 LaTeX color extensions (UK)

("C:\Program Files\MiKTeX 2.9\tex\latex\graphics-cfg\color.cfg"
File: color.cfg 2016/01/02 v1.6 sample color configuration
)
Package xcolor Info: Driver file: pdftex.def on input line 225.

("C:\Program Files\MiKTeX 2.9\tex\latex\graphics-def\pdftex.def"
File: pdftex.def 2017/01/12 v0.06k Graphics/color for pdfTeX

("C:\Program Files\MiKTeX 2.9\tex\generic\oberdiek\infwarerr.sty"
Package: infwarerr 2016/05/16 v1.4 Providing info/warning/error messages (HO)
)
("C:\Program Files\MiKTeX 2.9\tex\generic\oberdiek\ltxcmds.sty"
Package: ltxcmds 2016/05/16 v1.23 LaTeX kernel commands for general use (HO)
)
\Gread@gobject=\count87
)
(C:\Users\luke\AppData\Roaming\MiKTeX\2.9\tex\latex\colortbl\colortbl.sty
Package: colortbl 2012/02/13 v1.0a Color table columns (DPC)
\everycr=\toks15
\minrowclearance=\skip45
)
\rownum=\count88
Package xcolor Info: Model `cmy' substituted by `cmy0' on input line 1348.
Package xcolor Info: Model `hsb' substituted by `rgb' on input line 1352.
Package xcolor Info: Model `RGB' extended on input line 1364.
Package xcolor Info: Model `HTML' substituted by `rgb' on input line 1366.
Package xcolor Info: Model `Hsb' substituted by `hsb' on input line 1367.
Package xcolor Info: Model `tHsb' substituted by `hsb' on input line 1368.
Package xcolor Info: Model `HSB' substituted by `hsb' on input line 1369.
Package xcolor Info: Model `Gray' substituted by `gray' on input line 1370.
Package xcolor Info: Model `wave' substituted by `hsb' on input line 1371.
)
("C:\Program Files\MiKTeX 2.9\tex\latex\graphics\graphicx.sty"
Package: graphicx 2014/10/28 v1.0g Enhanced LaTeX Graphics (DPC,SPQR)

("C:\Program Files\MiKTeX 2.9\tex\latex\graphics\keyval.sty"
Package: keyval 2014/10/28 v1.15 key=value parser (DPC)
\KV@toks@=\toks16
)
("C:\Program Files\MiKTeX 2.9\tex\latex\graphics\graphics.sty"
Package: graphics 2017/04/14 v1.1b Standard LaTeX Graphics (DPC,SPQR)

("C:\Program Files\MiKTeX 2.9\tex\latex\graphics\trig.sty"
Package: trig 2016/01/03 v1.10 sin cos tan (DPC)
)
("C:\Program Files\MiKTeX 2.9\tex\latex\graphics-cfg\graphics.cfg"
File: graphics.cfg 2016/06/04 v1.11 sample graphics configuration
)
Package graphics Info: Driver file: pdftex.def on input line 99.
)
\Gin@req@height=\dimen105
\Gin@req@width=\dimen106
)
("C:\Program Files\MiKTeX 2.9\tex\latex\tools\tabularx.sty"
Package: tabularx 2016/02/03 v2.11 `tabularx' package (DPC)
\TX@col@width=\dimen107
\TX@old@table=\dimen108
\TX@old@col=\dimen109
\TX@target=\dimen110
\TX@delta=\dimen111
\TX@cols=\count89
\TX@ftn=\toks17
) (UseCases.aux)
\openout1 = `UseCases.aux'.

LaTeX Font Info:    Checking defaults for OML/cmm/m/it on input line 7.
LaTeX Font Info:    ... okay on input line 7.
LaTeX Font Info:    Checking defaults for T1/cmr/m/n on input line 7.
LaTeX Font Info:    ... okay on input line 7.
LaTeX Font Info:    Checking defaults for OT1/cmr/m/n on input line 7.
LaTeX Font Info:    ... okay on input line 7.
LaTeX Font Info:    Checking defaults for OMS/cmsy/m/n on input line 7.
LaTeX Font Info:    ... okay on input line 7.
LaTeX Font Info:    Checking defaults for OMX/cmex/m/n on input line 7.
LaTeX Font Info:    ... okay on input line 7.
LaTeX Font Info:    Checking defaults for U/cmr/m/n on input line 7.
LaTeX Font Info:    ... okay on input line 7.

(C:\Users\luke\AppData\Roaming\MiKTeX\2.9\tex\context\base\supp-pdf.mkii
[Loading MPS to PDF converter (version 2006.09.02).]
\scratchcounter=\count90
\scratchdimen=\dimen112
\scratchbox=\box26
\nofMPsegments=\count91
\nofMParguments=\count92
\everyMPshowfont=\toks18
\MPscratchCnt=\count93
\MPscratchDim=\dimen113
\MPnumerator=\count94
\makeMPintoPDFobject=\count95
\everyMPtoPDFconversion=\toks19
) ("C:\Program Files\MiKTeX 2.9\tex\generic\oberdiek\pdftexcmds.sty"
Package: pdftexcmds 2017/03/19 v0.25 Utility functions of pdfTeX for LuaTeX (HO
)

("C:\Program Files\MiKTeX 2.9\tex\generic\oberdiek\ifluatex.sty"
Package: ifluatex 2016/05/16 v1.4 Provides the ifluatex switch (HO)
Package ifluatex Info: LuaTeX not detected.
)
("C:\Program Files\MiKTeX 2.9\tex\generic\oberdiek\ifpdf.sty"
Package: ifpdf 2017/03/15 v3.2 Provides the ifpdf switch
)
Package pdftexcmds Info: LuaTeX not detected.
Package pdftexcmds Info: \pdf@primitive is available.
Package pdftexcmds Info: \pdf@ifprimitive is available.
Package pdftexcmds Info: \pdfdraftmode found.
)
("C:\Program Files\MiKTeX 2.9\tex\latex\oberdiek\epstopdf-base.sty"
Package: epstopdf-base 2016/05/15 v2.6 Base part for package epstopdf

("C:\Program Files\MiKTeX 2.9\tex\latex\oberdiek\grfext.sty"
Package: grfext 2016/05/16 v1.2 Manage graphics extensions (HO)

("C:\Program Files\MiKTeX 2.9\tex\generic\oberdiek\kvdefinekeys.sty"
Package: kvdefinekeys 2016/05/16 v1.4 Define keys (HO)
))
("C:\Program Files\MiKTeX 2.9\tex\latex\oberdiek\kvoptions.sty"
Package: kvoptions 2016/05/16 v3.12 Key value format for package options (HO)

("C:\Program Files\MiKTeX 2.9\tex\generic\oberdiek\kvsetkeys.sty"
Package: kvsetkeys 2016/05/16 v1.17 Key value parser (HO)

("C:\Program Files\MiKTeX 2.9\tex\generic\oberdiek\etexcmds.sty"
Package: etexcmds 2016/05/16 v1.6 Avoid name clashes with e-TeX commands (HO)
Package etexcmds Info: Could not find \expanded.
(etexcmds)             That can mean that you are not using pdfTeX 1.50 or
(etexcmds)             that some package has redefined \expanded.
(etexcmds)             In the latter case, load this package earlier.
)))
Package epstopdf-base Info: Redefining graphics rule for `.eps' on input line 4
38.
Package grfext Info: Graphics extension search list:
(grfext)             [.png,.pdf,.jpg,.mps,.jpeg,.jbig2,.jb2,.PNG,.PDF,.JPG,.JPE
G,.JBIG2,.JB2,.eps]
(grfext)             \AppendGraphicsExtensions on input line 456.
)
Overfull \hbox (1.12917pt too wide) in paragraph at lines 28--28
[]|[]| 
 []


Overfull \hbox (60.0pt too wide) in paragraph at lines 28--29
 [] 
 []


Overfull \hbox (1.12917pt too wide) in paragraph at lines 52--52
[]|[]| 
 []


Overfull \hbox (60.0pt too wide) in paragraph at lines 52--53
 [] 
 []


Overfull \hbox (1.12917pt too wide) in paragraph at lines 74--74
[]|[]| 
 []


Overfull \hbox (60.0pt too wide) in paragraph at lines 74--75
 [] 
 []

[1

{C:/ProgramData/MiKTeX/2.9/pdftex/config/pdftex.map}]
Underfull \hbox (badness 1448) in paragraph at lines 96--96
[]|\OT1/cmr/m/n/12 Enter al-bum into search
 []


Overfull \hbox (1.12917pt too wide) in paragraph at lines 96--96
[]|[]| 
 []


Overfull \hbox (60.0pt too wide) in paragraph at lines 96--97
 [] 
 []


Overfull \hbox (1.12917pt too wide) in paragraph at lines 120--120
[]|[]| 
 []


Overfull \hbox (60.0pt too wide) in paragraph at lines 120--121
 [] 
 []

[2]
Underfull \hbox (badness 6592) in paragraph at lines 142--142
[]|\OT1/cmr/m/n/12 Displays unique playlist
 []


Overfull \hbox (1.12917pt too wide) in paragraph at lines 142--142
[]|[]| 
 []


Overfull \hbox (60.0pt too wide) in paragraph at lines 142--143
 [] 
 []


Underfull \hbox (badness 7944) in paragraph at lines 163--163
[]|\OT1/cmr/m/n/12 Click ``Make Col-lab-o-ra-
 []


Overfull \hbox (1.12917pt too wide) in paragraph at lines 163--163
[]|[]| 
 []


Overfull \hbox (60.0pt too wide) in paragraph at lines 163--164
 [] 
 []

[3]
Overfull \hbox (1.12917pt too wide) in paragraph at lines 187--187
[]|[]| 
 []


Overfull \hbox (60.0pt too wide) in paragraph at lines 187--188
 [] 
 []


Underfull \hbox (badness 1173) in paragraph at lines 209--209
[]|\OT1/cmr/m/n/12 Enter playlist name into
 []


Overfull \hbox (1.12917pt too wide) in paragraph at lines 209--209
[]|[]| 
 []


Overfull \hbox (60.0pt too wide) in paragraph at lines 209--210
 [] 
 []

[4]
Overfull \hbox (1.12917pt too wide) in paragraph at lines 231--231
[]|[]| 
 []


Overfull \hbox (60.0pt too wide) in paragraph at lines 231--232
 [] 
 []


Underfull \hbox (badness 2799) in paragraph at lines 252--252
[]|\OT1/cmr/m/n/12 Playlist now ap-pears in
 []


Overfull \hbox (1.12917pt too wide) in paragraph at lines 252--252
[]|[]| 
 []


Overfull \hbox (60.0pt too wide) in paragraph at lines 252--253
 [] 
 []

[5]
Underfull \hbox (badness 2012) in paragraph at lines 274--274
\OT1/cmr/m/n/12 tify user-name and pass-
 []


Overfull \hbox (1.12917pt too wide) in paragraph at lines 274--274
[]|[]| 
 []


Overfull \hbox (60.0pt too wide) in paragraph at lines 274--275
 [] 
 []


Underfull \hbox (badness 1635) in paragraph at lines 295--295
[]|\OT1/cmr/m/n/12 Playlist is ex-ported into
 []


Overfull \hbox (1.12917pt too wide) in paragraph at lines 295--295
[]|[]| 
 []


Overfull \hbox (60.0pt too wide) in paragraph at lines 295--296
 [] 
 []

[6]
Underfull \hbox (badness 10000) in paragraph at lines 317--317
[]|\OT1/cmr/m/n/12 Open di-a-log to en-ter
 []


Underfull \hbox (badness 1406) in paragraph at lines 317--317
[]|\OT1/cmr/m/n/12 User en-ters Google Play
 []


Overfull \hbox (1.12917pt too wide) in paragraph at lines 317--317
[]|[]| 
 []


Overfull \hbox (60.0pt too wide) in paragraph at lines 317--318
 [] 
 []


Underfull \hbox (badness 1635) in paragraph at lines 338--338
[]|\OT1/cmr/m/n/12 Playlist is ex-ported into
 []


Overfull \hbox (1.12917pt too wide) in paragraph at lines 338--338
[]|[]| 
 []


Overfull \hbox (60.0pt too wide) in paragraph at lines 338--339
 [] 
 []

[7]
Overfull \hbox (1.12917pt too wide) in paragraph at lines 360--360
[]|[]| 
 []


Overfull \hbox (60.0pt too wide) in paragraph at lines 360--361
 [] 
 []


Underfull \hbox (badness 1635) in paragraph at lines 381--381
[]|\OT1/cmr/m/n/12 Playlist is ex-ported into
 []


Overfull \hbox (1.12917pt too wide) in paragraph at lines 381--381
[]|[]| 
 []


Overfull \hbox (60.0pt too wide) in paragraph at lines 381--382
 [] 
 []

[8] [9] (UseCases.aux) ) 
Here is how much of TeX's memory you used:
 2088 strings out of 493323
 28023 string characters out of 3139069
 109774 words of memory out of 3000000
 5624 multiletter control sequences out of 15000+200000
 6683 words of font info for 24 fonts, out of 3000000 for 9000
 1141 hyphenation exceptions out of 8191
 41i,18n,35p,236b,367s stack positions out of 5000i,500n,10000p,200000b,50000s
<C:/Program Files/MiKTeX 2.9/fonts/type1/public/amsfont
s/cm/cmbx12.pfb><C:/Program Files/MiKTeX 2.9/fonts/type1/public/amsfonts/cm/cmr
12.pfb>
Output written on UseCases.pdf (9 pages, 53395 bytes).
PDF statistics:
 40 PDF objects out of 1000 (max. 8388607)
 0 named destinations out of 1000 (max. 500000)
 1 words of extra memory for PDF output out of 10000 (max. 10000000)

